<?xml version="1.0" encoding="UTF-8"?>
<!-- Generated by org.testng.reporters.JUnitReportReporter -->
<testsuite hostname="chaithanya" failures="0" tests="2" name="org.testNG.account" time="14.145" errors="0" timestamp="2024-10-18T11:26:10 IST" skipped="0">
  <testcase classname="org.testNG.account" name="UIOfAccountPage" time="6.941"/>
  <testcase classname="org.testNG.account" name="logout" time="7.204"/>
</testsuite> <!-- org.testNG.account -->
