<?xml version="1.0" encoding="UTF-8"?>
<!-- Generated by org.testng.reporters.JUnitReportReporter -->
<testsuite hostname="chaithanya" failures="0" tests="2" name="org.testNG.popular" time="15.736" errors="0" timestamp="2024-10-18T11:26:10 IST" skipped="0">
  <testcase classname="org.testNG.popular" name="verifyMoviesAreDisplayedOnThePopularPage" time="7.758"/>
  <testcase classname="org.testNG.popular" name="VerifyUIElementsOnThePopularPage" time="7.978"/>
</testsuite> <!-- org.testNG.popular -->
