<?xml version="1.0" encoding="UTF-8"?>
<!-- Generated by org.testng.reporters.JUnitReportReporter -->
<testsuite hostname="chaithanya" failures="0" tests="3" name="org.testNG.home" time="19.866" errors="0" timestamp="2024-10-18T11:26:10 IST" skipped="0">
  <testcase classname="org.testNG.home" name="verifyHomepageElements" time="7.289"/>
  <testcase classname="org.testNG.home" name="testHeaderSectionUI" time="6.113"/>
  <testcase classname="org.testNG.home" name="testHeaderSectionFunctionalities" time="6.464"/>
</testsuite> <!-- org.testNG.home -->
