<?xml version="1.0" encoding="UTF-8"?>
<!-- Generated by org.testng.reporters.JUnitReportReporter -->
<testsuite hostname="chaithanya" failures="0" tests="3" name="org.testNG.login" time="22.704" errors="0" timestamp="2024-10-18T11:26:10 IST" skipped="0">
  <testcase classname="org.testNG.login" name="UI" time="6.087"/>
  <testcase classname="org.testNG.login" name="successfullyLogin" time="8.417"/>
  <testcase classname="org.testNG.login" name="unsuccessfullyLogin" time="8.200"/>
</testsuite> <!-- org.testNG.login -->
