<?xml version="1.0" encoding="UTF-8"?>
<!-- Generated by org.testng.reporters.JUnitReportReporter -->
<testsuite hostname="chaithanya" failures="0" tests="2" name="org.testNG.moviesDetails" time="16.767" errors="0" timestamp="2024-10-18T11:26:10 IST" skipped="0">
  <testcase classname="org.testNG.moviesDetails" name="UIOnMoviesDetailsOnHomePage" time="8.119"/>
  <testcase classname="org.testNG.moviesDetails" name="UIOnMoviesDetailsOnPopularPage" time="8.648"/>
</testsuite> <!-- org.testNG.moviesDetails -->
