<?xml version="1.0" encoding="UTF-8"?>
<!-- Generated by org.testng.reporters.JUnitReportReporter -->
<testsuite hostname="chaithanya" failures="0" tests="5" name="org.testNG.search" time="44.780" errors="0" timestamp="2024-10-18T11:26:10 IST" skipped="0">
  <testcase classname="org.testNG.search" name="searchMovies" time="6.820"/>
  <testcase classname="org.testNG.search" name="searchMovies" time="6.820"/>
  <testcase classname="org.testNG.search" name="searchMovies" time="7.079"/>
  <testcase classname="org.testNG.search" name="searchMovies" time="12.073"/>
  <testcase classname="org.testNG.search" name="searchMovies" time="11.988"/>
</testsuite> <!-- org.testNG.search -->
